2026-02-09 23:37:15,044 - GAT - INFO - 
[1/6] Validating configuration...
2026-02-09 23:37:15,044 - GAT - INFO - 
[1/6] Validating configuration...
2026-02-09 23:37:15,044 - GAT - INFO - 
[2/6] Loading data...
2026-02-09 23:37:15,044 - GAT - INFO - 
[2/6] Loading data...
2026-02-09 23:37:15,044 - GAT - ERROR - ✗ EXPERIMENT FAILED: [Errno 2] No such file or directory: 'data/ind.cora.x'
Traceback (most recent call last):
  File "/home/dmlab/GraphMethodsReviewRepository/gat/run_experiment.py", line 70, in run
    self.data = load_citation_data(self.config.data)
                ^^^^^^^^^^^^^^^^^^^^^^^^^^^^^^^^^^^^
  File "/home/dmlab/GraphMethodsReviewRepository/gat/data_loader.py", line 14, in load_citation_data
    adj, features, y_train, y_val, y_test, train_mask, val_mask, test_mask = process.load_data(
                                                                             ^^^^^^^^^^^^^^^^^^
  File "/home/dmlab/GraphMethodsReviewRepository/gat/utils/process.py", line 54, in load_data
    with open("data/ind.{}.{}".format(dataset_str, names[i]), 'rb') as f:
         ^^^^^^^^^^^^^^^^^^^^^^^^^^^^^^^^^^^^^^^^^^^^^^^^^^^^^^^^^^
FileNotFoundError: [Errno 2] No such file or directory: 'data/ind.cora.x'
2026-02-09 23:37:15,044 - GAT - ERROR - ✗ EXPERIMENT FAILED: [Errno 2] No such file or directory: 'data/ind.cora.x'
Traceback (most recent call last):
  File "/home/dmlab/GraphMethodsReviewRepository/gat/run_experiment.py", line 70, in run
    self.data = load_citation_data(self.config.data)
                ^^^^^^^^^^^^^^^^^^^^^^^^^^^^^^^^^^^^
  File "/home/dmlab/GraphMethodsReviewRepository/gat/data_loader.py", line 14, in load_citation_data
    adj, features, y_train, y_val, y_test, train_mask, val_mask, test_mask = process.load_data(
                                                                             ^^^^^^^^^^^^^^^^^^
  File "/home/dmlab/GraphMethodsReviewRepository/gat/utils/process.py", line 54, in load_data
    with open("data/ind.{}.{}".format(dataset_str, names[i]), 'rb') as f:
         ^^^^^^^^^^^^^^^^^^^^^^^^^^^^^^^^^^^^^^^^^^^^^^^^^^^^^^^^^^
FileNotFoundError: [Errno 2] No such file or directory: 'data/ind.cora.x'
